<?xml version="1.0" encoding="UTF-8"?>
<testsuite name="org.umn.research.evsimulator.NetworkTest" tests="4" skipped="0" failures="0" errors="0" timestamp="2019-12-02T20:43:30" hostname="Rohits-MBP-2.hsd1.mn.comcast.net" time="0.327">
  <properties/>
  <testcase name="shortestPath" classname="org.umn.research.evsimulator.NetworkTest" time="0.18"/>
  <testcase name="simulate" classname="org.umn.research.evsimulator.NetworkTest" time="0.059"/>
  <testcase name="loadNetwork" classname="org.umn.research.evsimulator.NetworkTest" time="0.048"/>
  <testcase name="makeVehicle" classname="org.umn.research.evsimulator.NetworkTest" time="0.04"/>
  <system-out><![CDATA[origin outgoing: [90011]
source outgoing: [90011]
simulate called
origin outgoing: [901919]
source outgoing: [901919]
origin outgoing: [902323]
source outgoing: [902323]
]]></system-out>
  <system-err><![CDATA[]]></system-err>
</testsuite>
